<?xml version="1.0" encoding="UTF-8"?>
<!-- Generated by org.testng.reporters.JUnitXMLReporter -->
<testsuite ignored="2" hostname="LAPTOP-OPNROV1C" failures="0" tests="1" name="TAF" time="2.438" errors="0" timestamp="2022-04-05T12:22:36 EET">
  <testcase classname="Tests.UserRegistrationTest" name="UserRegisterSuccessfully" time="2.413"/>
  <testcase classname="Tests.UserRegistrationTest" name="RegisterdUserCanLogin" time="0.0">
    <ignored/>
  </testcase> <!-- RegisterdUserCanLogin -->
  <testcase classname="Tests.UserRegistrationTest" name="RegisterdUserCanLogout" time="0.0">
    <ignored/>
  </testcase> <!-- RegisterdUserCanLogout -->
</testsuite> <!-- TAF -->
