<?xml version="1.0" encoding="UTF-8"?>
<testng-results ignored="2" total="3" passed="1" failed="0" skipped="0">
  <reporter-output>
  </reporter-output>
  <suite started-at="2022-04-05T12:22:34 EET" name="Default Suite" finished-at="2022-04-05T12:22:36 EET" duration-ms="2438">
    <groups>
    </groups>
    <test started-at="2022-04-05T12:22:34 EET" name="TAF" finished-at="2022-04-05T12:22:36 EET" duration-ms="2438">
      <class name="Tests.UserRegistrationTest">
        <test-method is-config="true" signature="startDriver(java.lang.String)[pri:0, instance:Tests.UserRegistrationTest@a4102b8]" started-at="2022-04-05T12:22:29 EET" name="startDriver" finished-at="2022-04-05T12:22:34 EET" duration-ms="4218" status="PASS">
          <params>
            <param index="0">
              <value>
                <![CDATA[chrome]]>
              </value>
            </param>
          </params>
          <reporter-output>
          </reporter-output>
        </test-method> <!-- startDriver -->
        <test-method signature="UserRegisterSuccessfully()[pri:1, instance:Tests.UserRegistrationTest@a4102b8]" started-at="2022-04-05T12:22:34 EET" name="UserRegisterSuccessfully" finished-at="2022-04-05T12:22:36 EET" duration-ms="2413" status="PASS">
          <reporter-output>
          </reporter-output>
        </test-method> <!-- UserRegisterSuccessfully -->
        <test-method is-config="true" signature="stopDriver()[pri:0, instance:Tests.UserRegistrationTest@a4102b8]" started-at="2022-04-05T12:22:36 EET" name="stopDriver" finished-at="2022-04-05T12:22:36 EET" duration-ms="149" status="PASS">
          <reporter-output>
          </reporter-output>
        </test-method> <!-- stopDriver -->
      </class> <!-- Tests.UserRegistrationTest -->
    </test> <!-- TAF -->
  </suite> <!-- Default Suite -->
</testng-results>
