<?xml version="1.0" encoding="UTF-8"?>
<!-- Generated by org.testng.reporters.JUnitXMLReporter -->
<testsuite ignored="4" hostname="LAPTOP-OPNROV1C" failures="0" tests="6" name="test" time="10.748" errors="0" timestamp="2022-06-03T12:05:47 EET">
  <testcase classname="Tests.ProductHoverMenuTest" name="UserCanSelectCategoryFromMenu" time="1.131"/>
  <testcase classname="Tests.ChangeCurrencyTest" name="UserCanChangeCurrency" time="1.034"/>
  <testcase classname="Tests.UserRegistrationTestWithDDTandJavaFaker" name="UserRegisterSuccessfully" time="2.575"/>
  <testcase classname="Tests.UserRegistrationTestWithDDTandJavaFaker" name="RegisterdUserCanLogout" time="1.045"/>
  <testcase classname="Tests.UserRegistrationTestWithDDTandJavaFaker" name="RegisterdUserCanLogin" time="2.073"/>
  <testcase classname="Tests.ChangeCurrencyTest" name="UserCanSearchWithAutoSuggest" time="2.862"/>
  <testcase classname="Tests.TestBase" name="@AfterSuite stopDriver" time="0.0">
    <ignored/>
  </testcase> <!-- @AfterSuite stopDriver -->
  <testcase classname="Tests.TestBase" name="@BeforeSuite startDriver" time="0.0">
    <ignored/>
  </testcase> <!-- @BeforeSuite startDriver -->
  <testcase classname="Tests.TestBase" name="@AfterSuite stopDriver" time="0.0">
    <ignored/>
  </testcase> <!-- @AfterSuite stopDriver -->
  <testcase classname="Tests.TestBase" name="@BeforeSuite startDriver" time="0.0">
    <ignored/>
  </testcase> <!-- @BeforeSuite startDriver -->
</testsuite> <!-- test -->
